[    0.000000] Linux version 4.15.0-54-generic (buildd@lgw01-amd64-014) (gcc version 7.4.0 (Ubuntu 7.4.0-1ubuntu1~18.04.1)) #58-Ubuntu SMP Mon Jun 24 10:55:24 UTC 2019 (Ubuntu 4.15.0-54.58-generic 4.15.18)
[    0.000000] Command line: BOOT_IMAGE=/boot/vmlinuz-4.15.0-54-generic root=LABEL=cloudimg-rootfs ro console=tty1 console=ttyS0
[    0.000000] KERNEL supported cpus:
[    0.000000]   Intel GenuineIntel
[    0.000000]   AMD AuthenticAMD
[    0.000000]   Centaur CentaurHauls
[    0.000000] x86/fpu: Supporting XSAVE feature 0x001: 'x87 floating point registers'
[    0.000000] x86/fpu: Supporting XSAVE feature 0x002: 'SSE registers'
[    0.000000] x86/fpu: Supporting XSAVE feature 0x004: 'AVX registers'
[    0.000000] x86/fpu: xstate_offset[2]:  576, xstate_sizes[2]:  256
[    0.000000] x86/fpu: Enabled xstate features 0x7, context size is 832 bytes, using 'standard' format.
[    0.000000] e820: BIOS-provided physical RAM map:
[    0.000000] BIOS-e820: [mem 0x0000000000000000-0x000000000009fbff] usable
[    0.000000] BIOS-e820: [mem 0x000000000009fc00-0x000000000009ffff] reserved
[    0.000000] BIOS-e820: [mem 0x00000000000f0000-0x00000000000fffff] reserved
[    0.000000] BIOS-e820: [mem 0x0000000000100000-0x000000007ffeffff] usable
[    0.000000] BIOS-e820: [mem 0x000000007fff0000-0x000000007fffffff] ACPI data
[    0.000000] BIOS-e820: [mem 0x00000000fec00000-0x00000000fec00fff] reserved
[    0.000000] BIOS-e820: [mem 0x00000000fee00000-0x00000000fee00fff] reserved
[    0.000000] BIOS-e820: [mem 0x00000000fffc0000-0x00000000ffffffff] reserved
[    0.000000] NX (Execute Disable) protection: active
[    0.000000] SMBIOS 2.5 present.
[    0.000000] DMI: innotek GmbH VirtualBox/VirtualBox, BIOS VirtualBox 12/01/2006
[    0.000000] Hypervisor detected: KVM
[    0.000000] e820: last_pfn = 0x7fff0 max_arch_pfn = 0x400000000
[    0.000000] MTRR: Disabled
[    0.000000] x86/PAT: MTRRs disabled, skipping PAT initialization too.
[    0.000000] CPU MTRRs all blank - virtualized system.
[    0.000000] x86/PAT: Configuration [0-7]: WB  WT  UC- UC  WB  WT  UC- UC  
[    0.000000] found SMP MP-table at [mem 0x0009fff0-0x0009ffff] mapped at [        (ptrval)]
[    0.000000] Scanning 1 areas for low memory corruption
[    0.000000] RAMDISK: [mem 0x35a93000-0x36d40fff]
[    0.000000] ACPI: Early table checksum verification disabled
[    0.000000] ACPI: RSDP 0x00000000000E0000 000024 (v02 VBOX  )
[    0.000000] ACPI: XSDT 0x000000007FFF0030 00003C (v01 VBOX   VBOXXSDT 00000001 ASL  00000061)
[    0.000000] ACPI: FACP 0x000000007FFF00F0 0000F4 (v04 VBOX   VBOXFACP 00000001 ASL  00000061)
[    0.000000] ACPI: DSDT 0x000000007FFF0470 0022EA (v02 VBOX   VBOXBIOS 00000002 INTL 20100528)
[    0.000000] ACPI: FACS 0x000000007FFF0200 000040
[    0.000000] ACPI: FACS 0x000000007FFF0200 000040
[    0.000000] ACPI: APIC 0x000000007FFF0240 00005C (v02 VBOX   VBOXAPIC 00000001 ASL  00000061)
[    0.000000] ACPI: SSDT 0x000000007FFF02A0 0001CC (v01 VBOX   VBOXCPUT 00000002 INTL 20100528)
[    0.000000] No NUMA configuration found
[    0.000000] Faking a node at [mem 0x0000000000000000-0x000000007ffeffff]
[    0.000000] NODE_DATA(0) allocated [mem 0x7ffc5000-0x7ffeffff]
[    0.000000] kvm-clock: cpu 0, msr 0:7ff44001, primary cpu clock
[    0.000000] kvm-clock: Using msrs 4b564d01 and 4b564d00
[    0.000000] kvm-clock: using sched offset of 21577621723 cycles
[    0.000000] clocksource: kvm-clock: mask: 0xffffffffffffffff max_cycles: 0x1cd42e4dffb, max_idle_ns: 881590591483 ns
[    0.000000] Zone ranges:
[    0.000000]   DMA      [mem 0x0000000000001000-0x0000000000ffffff]
[    0.000000]   DMA32    [mem 0x0000000001000000-0x000000007ffeffff]
[    0.000000]   Normal   empty
[    0.000000]   Device   empty
[    0.000000] Movable zone start for each node
[    0.000000] Early memory node ranges
[    0.000000]   node   0: [mem 0x0000000000001000-0x000000000009efff]
[    0.000000]   node   0: [mem 0x0000000000100000-0x000000007ffeffff]
[    0.000000] Reserved but unavailable: 114 pages
[    0.000000] Initmem setup node 0 [mem 0x0000000000001000-0x000000007ffeffff]
[    0.000000] ACPI: PM-Timer IO Port: 0x4008
[    0.000000] IOAPIC[0]: apic_id 2, version 32, address 0xfec00000, GSI 0-23
[    0.000000] ACPI: INT_SRC_OVR (bus 0 bus_irq 0 global_irq 2 dfl dfl)
[    0.000000] ACPI: INT_SRC_OVR (bus 0 bus_irq 9 global_irq 9 low level)
[    0.000000] Using ACPI (MADT) for SMP configuration information
[    0.000000] smpboot: Allowing 2 CPUs, 0 hotplug CPUs
[    0.000000] PM: Registered nosave memory: [mem 0x00000000-0x00000fff]
[    0.000000] PM: Registered nosave memory: [mem 0x0009f000-0x0009ffff]
[    0.000000] PM: Registered nosave memory: [mem 0x000a0000-0x000effff]
[    0.000000] PM: Registered nosave memory: [mem 0x000f0000-0x000fffff]
[    0.000000] e820: [mem 0x80000000-0xfebfffff] available for PCI devices
[    0.000000] Booting paravirtualized kernel on KVM
[    0.000000] clocksource: refined-jiffies: mask: 0xffffffff max_cycles: 0xffffffff, max_idle_ns: 7645519600211568 ns
[    0.000000] random: get_random_bytes called from start_kernel+0x99/0x4fd with crng_init=0
[    0.000000] setup_percpu: NR_CPUS:8192 nr_cpumask_bits:2 nr_cpu_ids:2 nr_node_ids:1
[    0.000000] percpu: Embedded 46 pages/cpu @        (ptrval) s151552 r8192 d28672 u1048576
[    0.000000] PV qspinlock hash table entries: 256 (order: 0, 4096 bytes)
[    0.000000] Built 1 zonelists, mobility grouping on.  Total pages: 515961
[    0.000000] Policy zone: DMA32
[    0.000000] Kernel command line: BOOT_IMAGE=/boot/vmlinuz-4.15.0-54-generic root=LABEL=cloudimg-rootfs ro console=tty1 console=ttyS0
[    0.000000] Memory: 2015648K/2096696K available (12300K kernel code, 2473K rwdata, 4272K rodata, 2408K init, 2416K bss, 81048K reserved, 0K cma-reserved)
[    0.000000] SLUB: HWalign=64, Order=0-3, MinObjects=0, CPUs=2, Nodes=1
[    0.000000] Kernel/User page tables isolation: enabled
[    0.000000] ftrace: allocating 39216 entries in 154 pages
[    0.004000] Hierarchical RCU implementation.
[    0.004000] 	RCU restricting CPUs from NR_CPUS=8192 to nr_cpu_ids=2.
[    0.004000] 	Tasks RCU enabled.
[    0.004000] RCU: Adjusting geometry for rcu_fanout_leaf=16, nr_cpu_ids=2
[    0.004000] NR_IRQS: 524544, nr_irqs: 440, preallocated irqs: 16
[    0.004000] Console: colour VGA+ 80x25
[    0.004000] console [tty1] enabled
[    0.004000] console [ttyS0] enabled
[    0.004000] ACPI: Core revision 20170831
[    0.004000] ACPI: 2 ACPI AML tables successfully acquired and loaded
[    0.004000] APIC: Switch to symmetric I/O mode setup
[    0.015658] x2apic enabled
[    0.016074] Switched APIC routing to physical x2apic.
[    0.052000] ..TIMER: vector=0x30 apic1=0 pin1=2 apic2=-1 pin2=-1
[    0.052008] tsc: Detected 2304.000 MHz processor
[    0.056019] Calibrating delay loop (skipped) preset value.. 4608.00 BogoMIPS (lpj=9216000)
[    0.060009] pid_max: default: 32768 minimum: 301
[    0.064057] Security Framework initialized
[    0.068009] Yama: becoming mindful.
[    0.072045] AppArmor: AppArmor initialized
[    0.080226] Dentry cache hash table entries: 262144 (order: 9, 2097152 bytes)
[    0.088074] Inode-cache hash table entries: 131072 (order: 8, 1048576 bytes)
[    0.092043] Mount-cache hash table entries: 4096 (order: 3, 32768 bytes)
[    0.096020] Mountpoint-cache hash table entries: 4096 (order: 3, 32768 bytes)
[    0.102294] mce: CPU supports 0 MCE banks
[    0.104330] Last level iTLB entries: 4KB 64, 2MB 8, 4MB 8
[    0.108010] Last level dTLB entries: 4KB 64, 2MB 0, 4MB 0, 1GB 4
[    0.112009] Spectre V2 : Mitigation: Full generic retpoline
[    0.116007] Spectre V2 : Spectre v2 / SpectreRSB mitigation: Filling RSB on context switch
[    0.120008] Speculative Store Bypass: Vulnerable
[    0.124083] MDS: Vulnerable: Clear CPU buffers attempted, no microcode
[    0.128203] Freeing SMP alternatives memory: 36K
[    0.140000] smpboot: CPU0: Intel(R) Core(TM) i3-6100U CPU @ 2.30GHz (family: 0x6, model: 0x4e, stepping: 0x3)
[    0.140103] Performance Events: unsupported p6 CPU model 78 no PMU driver, software events only.
[    0.144185] Hierarchical SRCU implementation.
[    0.148935] NMI watchdog: Perf event create on CPU 0 failed with -2
[    0.152007] NMI watchdog: Perf NMI watchdog permanently disabled
[    0.156242] smp: Bringing up secondary CPUs ...
[    0.160143] x86: Booting SMP configuration:
[    0.164009] .... node  #0, CPUs:      #1
[    0.004000] kvm-clock: cpu 1, msr 0:7ff44041, secondary cpu clock
[    0.004000] mce: CPU supports 0 MCE banks
[    0.228095] smp: Brought up 1 node, 2 CPUs
[    0.232012] smpboot: Max logical packages: 1
[    0.236010] smpboot: Total of 2 processors activated (9216.00 BogoMIPS)
[    0.244070] devtmpfs: initialized
[    0.248251] x86/mm: Memory block size: 128MB
[    0.256347] evm: security.selinux
[    0.260008] evm: security.SMACK64
[    0.264008] evm: security.SMACK64EXEC
[    0.268007] evm: security.SMACK64TRANSMUTE
[    0.272007] evm: security.SMACK64MMAP
[    0.276006] evm: security.apparmor
[    0.280006] evm: security.ima
[    0.284006] evm: security.capability
[    0.288263] clocksource: jiffies: mask: 0xffffffff max_cycles: 0xffffffff, max_idle_ns: 7645041785100000 ns
[    0.292069] futex hash table entries: 512 (order: 3, 32768 bytes)
[    0.296588] pinctrl core: initialized pinctrl subsystem
[    0.301159] RTC time: 11:04:54, date: 07/18/19
[    0.309187] NET: Registered protocol family 16
[    0.312148] audit: initializing netlink subsys (disabled)
[    0.316239] audit: type=2000 audit(1563447913.631:1): state=initialized audit_enabled=0 res=1
[    0.356011] cpuidle: using governor ladder
[    0.360020] cpuidle: using governor menu
[    0.364076] ACPI: bus type PCI registered
[    0.368007] acpiphp: ACPI Hot Plug PCI Controller Driver version: 0.5
[    0.376533] PCI: Using configuration type 1 for base access
[    0.388257] HugeTLB registered 2.00 MiB page size, pre-allocated 0 pages
[    0.424156] ACPI: Added _OSI(Module Device)
[    0.440012] ACPI: Added _OSI(Processor Device)
[    0.464010] ACPI: Added _OSI(3.0 _SCP Extensions)
[    0.488008] ACPI: Added _OSI(Processor Aggregator Device)
[    0.516011] ACPI: Added _OSI(Linux-Dell-Video)
[    0.540014] ACPI: Added _OSI(Linux-Lenovo-NV-HDMI-Audio)
[    0.564012] ACPI: Added _OSI(Linux-HPI-Hybrid-Graphics)
[    0.603894] ACPI: Executed 1 blocks of module-level executable AML code
[    0.648575] ACPI: Interpreter enabled
[    0.668038] ACPI: (supports S0 S5)
[    0.688008] ACPI: Using IOAPIC for interrupt routing
[    0.725070] PCI: Using host bridge windows from ACPI; if necessary, use "pci=nocrs" and report a bug
[    0.766439] ACPI: Enabled 2 GPEs in block 00 to 07
[    0.964065] ACPI: PCI Root Bridge [PCI0] (domain 0000 [bus 00-ff])
[    1.012025] acpi PNP0A03:00: _OSC: OS supports [ASPM ClockPM Segments MSI]
[    1.057334] acpi PNP0A03:00: _OSC: not requesting OS control; OS requires [ExtendedConfig ASPM ClockPM MSI]
[    1.104041] acpi PNP0A03:00: fail to add MMCONFIG information, can't access extended PCI configuration space under this bridge.
[    1.166232] PCI host bridge to bus 0000:00
[    1.188011] pci_bus 0000:00: root bus resource [io  0x0000-0x0cf7 window]
[    1.216011] pci_bus 0000:00: root bus resource [io  0x0d00-0xffff window]
[    1.256015] pci_bus 0000:00: root bus resource [mem 0x000a0000-0x000bffff window]
[    1.292016] pci_bus 0000:00: root bus resource [mem 0x80000000-0xfdffffff window]
[    1.336014] pci_bus 0000:00: root bus resource [bus 00-ff]
[    1.436010] pci 0000:00:01.1: legacy IDE quirk: reg 0x10: [io  0x01f0-0x01f7]
[    1.468032] pci 0000:00:01.1: legacy IDE quirk: reg 0x14: [io  0x03f6]
[    1.504015] pci 0000:00:01.1: legacy IDE quirk: reg 0x18: [io  0x0170-0x0177]
[    1.540011] pci 0000:00:01.1: legacy IDE quirk: reg 0x1c: [io  0x0376]
[    1.787199] pci 0000:00:07.0: quirk: [io  0x4000-0x403f] claimed by PIIX4 ACPI
[    1.820340] pci 0000:00:07.0: quirk: [io  0x4100-0x410f] claimed by PIIX4 SMB
[    2.004114] ACPI: PCI Interrupt Link [LNKA] (IRQs 5 9 10 *11)
[    2.012380] ACPI: PCI Interrupt Link [LNKB] (IRQs 5 9 *10 11)
[    2.017666] ACPI: PCI Interrupt Link [LNKC] (IRQs 5 *9 10 11)
[    2.024384] ACPI: PCI Interrupt Link [LNKD] (IRQs 5 9 10 *11)
[    2.033035] SCSI subsystem initialized
[    2.036607] pci 0000:00:02.0: vgaarb: setting as boot VGA device
[    2.040000] pci 0000:00:02.0: vgaarb: VGA device added: decodes=io+mem,owns=io+mem,locks=none
[    2.040012] pci 0000:00:02.0: vgaarb: bridge control possible
[    2.044009] vgaarb: loaded
[    2.048220] ACPI: bus type USB registered
[    2.052111] usbcore: registered new interface driver usbfs
[    2.056033] usbcore: registered new interface driver hub
[    2.060102] usbcore: registered new device driver usb
[    2.068132] EDAC MC: Ver: 3.0.0
[    2.089941] PCI: Using ACPI for IRQ routing
[    2.106338] NetLabel: Initializing
[    2.108009] NetLabel:  domain hash size = 128
[    2.112008] NetLabel:  protocols = UNLABELED CIPSOv4 CALIPSO
[    2.116045] NetLabel:  unlabeled traffic allowed by default
[    2.124876] clocksource: Switched to clocksource kvm-clock
[    2.208301] VFS: Disk quotas dquot_6.6.0
[    2.231774] VFS: Dquot-cache hash table entries: 512 (order 0, 4096 bytes)
[    2.271274] AppArmor: AppArmor Filesystem Enabled
[    2.301615] pnp: PnP ACPI init
[    2.341115] pnp: PnP ACPI: found 3 devices
[    2.448333] clocksource: acpi_pm: mask: 0xffffff max_cycles: 0xffffff, max_idle_ns: 2085701024 ns
[    2.498582] NET: Registered protocol family 2
[    2.527140] TCP established hash table entries: 16384 (order: 5, 131072 bytes)
[    2.569108] TCP bind hash table entries: 16384 (order: 6, 262144 bytes)
[    2.612901] TCP: Hash tables configured (established 16384 bind 16384)
[    2.651569] UDP hash table entries: 1024 (order: 3, 32768 bytes)
[    2.681957] UDP-Lite hash table entries: 1024 (order: 3, 32768 bytes)
[    2.717685] NET: Registered protocol family 1
[    2.744686] pci 0000:00:00.0: Limiting direct PCI/PCI transfers
[    2.786606] pci 0000:00:01.0: Activating ISA DMA hang workarounds
[    2.824289] pci 0000:00:02.0: Video device with shadowed ROM at [mem 0x000c0000-0x000dffff]
[    2.889276] Unpacking initramfs...
[    3.800556] Freeing initrd memory: 19128K
[    3.829990] clocksource: tsc: mask: 0xffffffffffffffff max_cycles: 0x2135f7c97c8, max_idle_ns: 440795273205 ns
[    3.892029] platform rtc_cmos: registered platform RTC device (no PNP device found)
[    3.961307] Scanning for low memory corruption every 60 seconds
[    4.007119] Initialise system trusted keyrings
[    4.041235] Key type blacklist registered
[    4.079410] workingset: timestamp_bits=36 max_order=19 bucket_order=0
[    4.154002] zbud: loaded
[    4.214230] squashfs: version 4.0 (2009/01/31) Phillip Lougher
[    4.296596] fuse init (API version 7.26)
[    4.382687] Key type asymmetric registered
[    4.455125] Asymmetric key parser 'x509' registered
[    4.541612] Block layer SCSI generic (bsg) driver version 0.4 loaded (major 246)
[    4.649560] io scheduler noop registered
[    4.689587] io scheduler deadline registered
[    4.723141] io scheduler cfq registered (default)
[    4.761424] ACPI: AC Adapter [AC] (on-line)
[    4.792487] input: Power Button as /devices/LNXSYSTM:00/LNXPWRBN:00/input/input0
[    4.850786] ACPI: Power Button [PWRF]
[    4.886215] input: Sleep Button as /devices/LNXSYSTM:00/LNXSLPBN:00/input/input1
[    4.978756] ACPI: Sleep Button [SLPF]
[    5.003789] Serial: 8250/16550 driver, 32 ports, IRQ sharing enabled
[    5.013503] ACPI: Battery Slot [BAT0] (battery present)
[    5.117708] 00:02: ttyS0 at I/O 0x3f8 (irq = 4, base_baud = 115200) is a 16550A
[    5.156485] Linux agpgart interface v0.103
[    5.196738] loop: module loaded
[    5.227828] scsi host0: ata_piix
[    5.247842] scsi host1: ata_piix
[    5.266780] ata1: PATA max UDMA/33 cmd 0x1f0 ctl 0x3f6 bmdma 0xd000 irq 14
[    5.305302] ata2: PATA max UDMA/33 cmd 0x170 ctl 0x376 bmdma 0xd008 irq 15
[    5.336909] libphy: Fixed MDIO Bus: probed
[    5.361681] tun: Universal TUN/TAP device driver, 1.6
[    5.388329] PPP generic driver version 2.4.2
[    5.417650] ehci_hcd: USB 2.0 'Enhanced' Host Controller (EHCI) Driver
[    5.459118] ehci-pci: EHCI PCI platform driver
[    5.482070] ehci-platform: EHCI generic platform driver
[    5.510048] ohci_hcd: USB 1.1 'Open' Host Controller (OHCI) Driver
[    5.546410] ohci-pci: OHCI PCI platform driver
[    5.583878] ohci-platform: OHCI generic platform driver
[    5.616009] uhci_hcd: USB Universal Host Controller Interface driver
[    5.680630] i8042: PNP: PS/2 Controller [PNP0303:PS2K,PNP0f03:PS2M] at 0x60,0x64 irq 1,12
[    5.743655] serio: i8042 KBD port at 0x60,0x64 irq 1
[    5.794558] serio: i8042 AUX port at 0x60,0x64 irq 12
[    5.825050] mousedev: PS/2 mouse device common for all mice
[    5.870456] rtc_cmos rtc_cmos: rtc core: registered rtc_cmos as rtc0
[    5.901748] input: AT Translated Set 2 keyboard as /devices/platform/i8042/serio0/input/input2
[    5.901976] rtc_cmos rtc_cmos: alarms up to one day, 114 bytes nvram
[    5.901992] i2c /dev entries driver
[    5.902120] device-mapper: uevent: version 1.0.3
[    5.981395] device-mapper: ioctl: 4.37.0-ioctl (2017-09-20) initialised: dm-devel@redhat.com
[    6.072273] ledtrig-cpu: registered to indicate activity on CPUs
[    6.107144] NET: Registered protocol family 10
[    6.141720] Segment Routing with IPv6
[    6.159725] NET: Registered protocol family 17
[    6.182246] Key type dns_resolver registered
[    6.203958] RAS: Correctable Errors collector initialized.
[    6.230296] sched_clock: Marking stable (6229933521, 0)->(11862639012, -5632705491)
[    6.273602] registered taskstats version 1
[    6.296581] Loading compiled-in X.509 certificates
[    6.339029] Loaded X.509 cert 'Build time autogenerated kernel key: 1cc14bc8298a06d551159822c55fa35abd77a621'
[    6.389910] zswap: loaded using pool lzo/zbud
[    6.438973] Key type big_key registered
[    6.458675] Key type trusted registered
[    6.485731] Key type encrypted registered
[    6.505119] AppArmor: AppArmor sha1 policy hashing enabled
[    6.530764] ima: No TPM chip found, activating TPM-bypass! (rc=-19)
[    6.561398] ima: Allocated hash algorithm: sha1
[    6.585047] evm: HMAC attrs: 0x1
[    6.608608]   Magic number: 11:38:75
[    6.633719] rtc_cmos rtc_cmos: setting system clock to 2019-07-18 11:05:01 UTC (1563447901)
[    6.682282] BIOS EDD facility v0.16 2004-Jun-25, 0 devices found
[    6.717574] EDD information not available.
[    6.761828] Freeing unused kernel image memory: 2408K
[    6.812301] Write protecting the kernel read-only data: 20480k
[    6.851667] Freeing unused kernel image memory: 2008K
[    6.891076] Freeing unused kernel image memory: 1872K
[    6.949727] x86/mm: Checked W+X mappings: passed, no W+X pages found.
[    6.985929] x86/mm: Checking user space page tables
[    7.028407] x86/mm: Checked W+X mappings: passed, no W+X pages found.
Loading, please wait...
starting version 237
[    7.318697] e1000: Intel(R) PRO/1000 Network Driver - version 7.3.21-k8-NAPI
[    7.368947] e1000: Copyright (c) 1999-2006 Intel Corporation.
[    7.410281] Fusion MPT base driver 3.04.20
[    7.434362] Copyright (c) 1999-2008 LSI Corporation
[    7.608738] AVX2 version of gcm_enc/dec engaged.
[    7.634798] AES CTR mode by8 optimization enabled
[    7.666448] Fusion MPT SPI Host driver 3.04.20
[    7.886005] input: ImExPS/2 Generic Explorer Mouse as /devices/platform/i8042/serio1/input/input4
[   10.085466] e1000 0000:00:03.0 eth0: (PCI:33MHz:32-bit) 02:d1:61:87:a4:bb
[   10.118791] e1000 0000:00:03.0 eth0: Intel(R) PRO/1000 Network Connection
[   13.309384] e1000 0000:00:08.0 eth1: (PCI:33MHz:32-bit) 08:00:27:2b:b4:e3
[   13.339739] e1000 0000:00:08.0 eth1: Intel(R) PRO/1000 Network Connection
[   13.381630] e1000 0000:00:08.0 enp0s8: renamed from eth1
[   13.414826] mptbase: ioc0: Initiating bringup
[   13.449275] e1000 0000:00:03.0 enp0s3: renamed from eth0
[   13.582542] ioc0: LSI53C1030 A0: Capabilities={Initiator}
[   15.812052] scsi host2: ioc0: LSI53C1030 A0, FwRev=00000000h, Ports=1, MaxQ=256, IRQ=20
[   16.696750] scsi 2:0:0:0: Direct-Access     VBOX     HARDDISK         1.0  PQ: 0 ANSI: 5
[   16.772704] scsi target2:0:0: Beginning Domain Validation
[   16.811498] random: fast init done
[   16.830406] scsi target2:0:0: Domain Validation skipping write tests
[   16.858940] scsi target2:0:0: Ending Domain Validation
[   16.883463] scsi target2:0:0: asynchronous
[   16.913140] scsi 2:0:1:0: Direct-Access     VBOX     HARDDISK         1.0  PQ: 0 ANSI: 5
[   16.992395] scsi target2:0:1: Beginning Domain Validation
[   17.039635] scsi target2:0:1: Domain Validation skipping write tests
[   17.073825] scsi target2:0:1: Ending Domain Validation
[   17.100705] scsi target2:0:1: asynchronous
[   17.147370] random: systemd-udevd: uninitialized urandom read (16 bytes read)
[   17.147494] sd 2:0:0:0: Attached scsi generic sg0 type 0
[   17.147702] sd 2:0:1:0: Attached scsi generic sg1 type 0
[   17.230573] random: systemd-udevd: uninitialized urandom read (16 bytes read)
[   17.265213] random: systemd-udevd: uninitialized urandom read (16 bytes read)
[   17.301020] sd 2:0:0:0: [sda] 20971520 512-byte logical blocks: (10.7 GB/10.0 GiB)
[   17.338820] sd 2:0:1:0: [sdb] 20480 512-byte logical blocks: (10.5 MB/10.0 MiB)
[   17.377480] sd 2:0:0:0: [sda] Write Protect is off
[   17.401313] sd 2:0:1:0: [sdb] Write Protect is off
[   17.403520] sd 2:0:0:0: [sda] Incomplete mode parameter data
[   17.403523] sd 2:0:0:0: [sda] Assuming drive cache: write through
[   17.413970]  sda: sda1
[   17.420053] sd 2:0:0:0: [sda] Attached SCSI disk
[   17.565084] sd 2:0:1:0: [sdb] Incomplete mode parameter data
[   17.591740] sd 2:0:1:0: [sdb] Assuming drive cache: write through
[   17.640277] sd 2:0:1:0: [sdb] Attached SCSI disk
Begin: Loading essential drivers ... [   26.864420] raid6: sse2x1   gen()  6262 MB/s
[   26.932659] raid6: sse2x1   xor()  3984 MB/s
[   27.000272] raid6: sse2x2   gen()  6466 MB/s
[   27.076297] raid6: sse2x2   xor()  4280 MB/s
[   27.148513] raid6: sse2x4   gen()  7812 MB/s
[   27.224696] raid6: sse2x4   xor()  4113 MB/s
[   27.292941] raid6: avx2x1   gen() 12566 MB/s
[   27.360838] raid6: avx2x1   xor()  7392 MB/s
[   27.440541] raid6: avx2x2   gen() 13920 MB/s
[   27.508638] raid6: avx2x2   xor()  9245 MB/s
[   27.577056] raid6: avx2x4   gen() 16369 MB/s
[   27.648215] raid6: avx2x4   xor() 10360 MB/s
[   27.668854] raid6: using algorithm avx2x4 gen() 16369 MB/s
[   27.695224] raid6: .... xor() 10360 MB/s, rmw enabled
[   27.718846] raid6: using avx2x2 recovery algorithm
[   27.746840] xor: automatically using best checksumming function   avx       
[   27.785920] async_tx: api initialized (async)
done.
Begin: Running /scripts/init-premount ... done.
Begin: Mounting root file system ... Begin: Running /scripts/local-top ... done.
Begin: Running /scripts/local-premount ... [   27.979545] Btrfs loaded, crc32c=crc32c-intel
Scanning for Btrfs filesystems
done.
Warning: fsck not present, so skipping root file system
[   28.122544] EXT4-fs (sda1): mounted filesystem with ordered data mode. Opts: (null)
done.
Begin: Running /scripts/local-bottom ... done.
Begin: Running /scripts/init-bottom ... done.
[   28.877210] ip_tables: (C) 2000-2006 Netfilter Core Team
[   29.033636] systemd[1]: systemd 237 running in system mode. (+PAM +AUDIT +SELINUX +IMA +APPARMOR +SMACK +SYSVINIT +UTMP +LIBCRYPTSETUP +GCRYPT +GNUTLS +ACL +XZ +LZ4 +SECCOMP +BLKID +ELFUTILS +KMOD -IDN2 +IDN -PCRE2 default-hierarchy=hybrid)
[   29.478479] systemd[1]: Detected virtualization oracle.
[   29.542911] systemd[1]: Detected architecture x86-64.

Welcome to [1mUbuntu 18.04.2 LTS[0m!

[   29.755459] systemd[1]: Set hostname to <ubuntu>.
[   29.885859] systemd[1]: Initializing machine ID from random generator.
[   29.938748] systemd[1]: Installed transient /etc/machine-id file.
[   30.756828] random: crng init done
[   30.777431] random: 7 urandom warning(s) missed due to ratelimiting
[   31.055470] systemd[1]: Set up automount Arbitrary Executable File Formats File System Automount Point.
[[0;32m  OK  [0m] Set up automount Arbitrary Executab…rmats File System Automount Point.
[   31.184319] systemd[1]: Reached target Swap.
[[0;32m  OK  [0m] Reached target Swap.
[   31.245692] systemd[1]: Reached target System Time Synchronized.
[[0;32m  OK  [0m] Reached target System Time Synchronized.
[   31.324761] systemd[1]: Started Forward Password Requests to Wall Directory Watch.
[[0;32m  OK  [0m] Started Forward Password Requests to Wall Directory Watch.
[[0;32m  OK  [0m] Reached target User and Group Name Lookups.
[[0;32m  OK  [0m] Created slice User and Session Slice.
[[0;32m  OK  [0m] Created slice System Slice.
[[0;32m  OK  [0m] Listening on Journal Audit Socket.
[[0;32m  OK  [0m] Listening on Network Service Netlink Socket.
[[0;32m  OK  [0m] Listening on Journal Socket (/dev/log).
[[0;32m  OK  [0m] Listening on udev Kernel Socket.
[[0;32m  OK  [0m] Listening on Journal Socket.
         Starting Remount Root and Kernel File Systems...
         Starting Create list of required st…ce nodes for the current kernel...
         Starting Load Kernel Modules...
         Mounting POSIX Message Queue File System...
         Mounting Kernel Debug File System...
[   31.821458] EXT4-fs (sda1): re-mounted. Opts: (null)
         Starting Uncomplicated firewall...
[[0;32m  OK  [0m[   31.879538] Loading iSCSI transport class v2.0-870.
] Reached target Slices.
[[0;32m  OK  [0m] Created slice system-serial\x2dgetty.slice.
         [   32.154299] iscsi: registered transport (tcp)
Mounting Huge Pages File System...
[[0;32m  OK  [0m] Listening on /dev/initctl Compatibility Named Pipe.
[[0;32m  OK  [0m] Listening on Syslog Socket.
[[0;32m  OK  [0m] Listening on LVM2 metadata daemon socket.
         [   32.411998] iscsi: registered transport (iser)
Starting Set the console keyboard layout...
         Starting Journal Service...
[[0;32m  OK  [0m] Listening on LVM2 poll daemon socket.
[[0;32m  OK  [0m] Listening on Device-mapper event daemon FIFOs.
         Starting Monitoring of LVM2 mirrors…ng dmeventd or progress polling...
[[0;32m  OK  [0m] Listening on udev Control Socket.
         Starting udev Coldplug all Devices...
[[0;32m  OK  [0m] Started Remount Root and Kernel File Systems.
[[0;32m  OK  [0m] Started Create list of required sta…vice nodes for the current kernel.
[[0;32m  OK  [0m] Started Load Kernel Modules.
[[0;32m  OK  [0m] Mounted POSIX Message Queue File System.
[[0;32m  OK  [0m] Mounted Kernel Debug File System.
[[0;32m  OK  [0m] Started Uncomplicated firewall.
[[0;32m  OK  [0m] Mounted Huge Pages File System.
[[0;32m  OK  [0m] Started LVM2 metadata daemon.
         Starting Apply Kernel Variables...
         Mounting FUSE Control File System...
         Mounting Kernel Configuration File System...
         Starting Create Static Device Nodes in /dev...
         Starting Load/Save Random Seed...
[[0;32m  OK  [0m] Started Journal Service.
[[0;32m  OK  [0m] Started Set the console keyboard layout.
[[0;32m  OK  [0m] Started Monitoring of LVM2 mirrors,…sing dmeventd or progress polling.
[[0;32m  OK  [0m] Started udev Coldplug all Devices.
[[0;32m  OK  [0m] Started Apply Kernel Variables.
[[0;32m  OK  [0m] Mounted FUSE Control File System.
[[0;32m  OK  [0m] Mounted Kernel Configuration File System.
[[0;32m  OK  [0m] Started Create Static Device Nodes in /dev.
[[0;32m  OK  [0m] Started Load/Save Random Seed.
         Starting udev Kernel Device Manager...
[[0;32m  OK  [0m] Reached target Local File Systems (Pre).
[[0;32m  OK  [0m] Reached target Local File Systems.
         Starting Set console font and keymap...
         Starting Commit a transient machine-id on disk...
         Starting AppArmor initialization...
         Starting ebtables ruleset management...
         Starting Tell Plymouth To Write Out Runtime Data...
         Starting Flush Journal to Persistent Storage...
[[0;32m  OK  [0m] Started Set console font and keymap.
[[0;32m  OK  [0m] Started Tell Plymouth To Write Out Runtime Data.
[[0;32m  OK  [0m] Started udev Kernel Device Manager.
[[0;32m  OK  [0m] Started Dispatch Password Requests to Console Directory Watch.
[[0;32m  OK  [0m] Reached target Local Encrypted Volumes.
[[0;32m  OK  [0m] Started Commit a transient machine-id on disk.
[[0;32m  OK  [0m] Started Flush Journal to Persistent Storage.
         Starting Create Volatile Files and Directories...
[[0;32m  OK  [0m] Started ebtables ruleset management.
[[0;32m  OK  [0m] Started Create Volatile Files and Directories.
         Starting Update UTMP about System Boot/Shutdown...
[[0;32m  OK  [0m] Started Update UTMP about System Boot/Shutdown.
[[0;32m  OK  [0m] Found device /dev/ttyS0.
[[0;32m  OK  [0m] Listening on Load/Save RF Kill Switch Status /dev/rfkill Watch.
[[0;32m  OK  [0m] Started AppArmor initialization.
         Starting Initial cloud-init job (pre-networking)...
[   44.451673] cloud-init[543]: Cloud-init v. 19.1-1-gbaa47854-0ubuntu1~18.04.1 running 'init-local' at Thu, 18 Jul 2019 11:05:38 +0000. Up 43.35 seconds.
[[0;32m  OK  [0m] Started Initial cloud-init job (pre-networking).
[[0;32m  OK  [0m] Reached target Network (Pre).
         Starting Network Service...
[[0;32m  OK  [0m] Started Network Service.
         Starting Wait for Network to be Configured...
         Starting Network Name Resolution...
[[0;32m  OK  [0m] Started Network Name Resolution.
[[0;32m  OK  [0m] Reached target Host and Network Name Lookups.
[[0;32m  OK  [0m] Reached target Network.
[[0;32m  OK  [0m] Started Wait for Network to be Configured.
         Starting Initial cloud-init job (metadata service crawler)...
[   47.504930] cloud-init[660]: Cloud-init v. 19.1-1-gbaa47854-0ubuntu1~18.04.1 running 'init' at Thu, 18 Jul 2019 11:05:41 +0000. Up 47.05 seconds.
[   47.554764] cloud-init[660]: ci-info: ++++++++++++++++++++++++++++++++++++++Net device info+++++++++++++++++++++++++++++++++++++++
[   47.594116] cloud-init[660]: ci-info: +--------+-------+----------------------------+---------------+--------+-------------------+
[   47.657892] cloud-init[660]: ci-info: | Device |   Up  |          Address           |      Mask     | Scope  |     Hw-Address    |
[   47.831145] cloud-init[660]: ci-info: +--------+-------+----------------------------+---------------+--------+-------------------+
[   47.901040] cloud-init[660]: ci-info: | enp0s3 |  True |         10.0.2.15          | 255.255.255.0 | global | 02:d1:61:87:a4:bb |
[   47.957906] cloud-init[660]: ci-info: | enp0s3 |  True | fe80::d1:61ff:fe87:a4bb/64 |       .       |  link  | 02:d1:61:87:a4:bb |
[   48.006324] cloud-init[660]: ci-info: | enp0s8 | False |             .              |       .       |   .    | 08:00:27:2b:b4:e3 |
[   48.066830] cloud-init[660]: ci-info: |   lo   |  True |         127.0.0.1          |   255.0.0.0   |  host  |         .         |
[   48.294841] cloud-init[660]: ci-info: |   lo   |  True |          ::1/128           |       .       |  host  |         .         |
[   48.439351] cloud-init[660]: ci-info: +--------+-------+----------------------------+---------------+--------+-------------------+
[   48.571730] cloud-init[660]: ci-info: ++++++++++++++++++++++++++++Route IPv4 info+++++++++++++++++++++++++++++
[   48.685344] cloud-init[660]: ci-info: +-------+-------------+----------+-----------------+-----------+-------+
[   48.866757] cloud-init[660]: ci-info: | Route | Destination | Gateway  |     Genmask     | Interface | Flags |
[   49.059149] cloud-init[660]: ci-info: +-------+-------------+----------+-----------------+-----------+-------+
[   49.135173] cloud-init[660]: ci-info: |   0   |   0.0.0.0   | 10.0.2.2 |     0.0.0.0     |   enp0s3  |   UG  |
[   49.200143] cloud-init[660]: ci-info: |   1   |   10.0.2.0  | 0.0.0.0  |  255.255.255.0  |   enp0s3  |   U   |
[   49.305565] cloud-init[660]: ci-info: |   2   |   10.0.2.2  | 0.0.0.0  | 255.255.255.255 |   enp0s3  |   UH  |
[   49.357357] cloud-init[660]: ci-info: +-------+-------------+----------+-----------------+-----------+-------+
[   49.426291] cloud-init[660]: ci-info: +++++++++++++++++++Route IPv6 info+++++++++++++++++++
[   49.503777] cloud-init[660]: ci-info: +-------+-------------+---------+-----------+-------+
[   49.568569] cloud-init[660]: ci-info: | Route | Destination | Gateway | Interface | Flags |
[   49.614489] cloud-init[660]: ci-info: +-------+-------------+---------+-----------+-------+
[   49.658062] cloud-init[660]: ci-info: |   1   |  fe80::/64  |    ::   |   enp0s3  |   U   |
[   49.699677] cloud-init[660]: ci-info: |   3   |    local    |    ::   |   enp0s3  |   U   |
[   49.757038] cloud-init[660]: ci-info: |   4   |   ff00::/8  |    ::   |   enp0s3  |   U   |
[   49.831500] cloud-init[660]: ci-info: +-------+-------------+---------+-----------+-------+
[   51.549646] cloud-init[660]: Generating public/private rsa key pair.
[   51.589637] cloud-init[660]: Your identification has been saved in /etc/ssh/ssh_host_rsa_key.
[   51.652053] cloud-init[660]: Your public key has been saved in /etc/ssh/ssh_host_rsa_key.pub.
[   51.716644] cloud-init[660]: The key fingerprint is:
[   51.754059] cloud-init[660]: SHA256:+x5uJavdAQirUWDNoRRSsYDXPheoSa/2FkB0LdMOIVg root@ubuntu-bionic
[   51.805677] cloud-init[660]: The key's randomart image is:
[   51.833332] cloud-init[660]: +---[RSA 2048]----+
[   51.870000] cloud-init[660]: | =EoXX..         |
[   51.895103] cloud-init[660]: |o +B*+*          |
[   51.916573] cloud-init[660]: | + =o=o.         |
[   51.936210] cloud-init[660]: |  + +.oo .       |
[   51.954781] cloud-init[660]: |   o.o. S .      |
[   51.973973] cloud-init[660]: |  o .o   ....    |
[   51.998344] cloud-init[660]: | . ...  . .+.    |
[[0;32m  OK  [0m] Started Initial cloud-init job (metadata service crawler).
[   52.056287] [cloud-init[660]: |    o    +oo .   |
[0;32m  OK  [0m] Reached target Network is Online.
[   52.106761] [[0;32m  OK  [0m] Reached target Remote File Systems (Pre).
[[0;32m  OK  [0m] Reached target Remote File Systems.
         Starting Availability of block devices...
[[0;32m  OK  [0m] Reached target Cloud-config availability.
[[0;32m  OK  [0m] Reached target System Initialization.
[[0;32m  OK  [0m] Listening on ACPID Listen Socket.
[[0;32m  OK  [0m] Started ACPI Events Check.
[[0;32m  OK  [0m] Reached target Paths.
[[0;32m  OK  [0m] Started Message of the Day.
[[0;32m  OK  [0m] Started Daily Cleanup of Temporary Directories.
[[0;32m  OK  [0m] Started Discard unused blocks once a week.
[[0;32m  OK  [0m] Started Daily apt download activities.
[[0;32m  OK  [0m] Started Daily apt upgrade and clean activities.
[[0;32m  OK  [0m] Reached target Timers.
         Starting Socket activation for snappy daemon.
[[0;32m  OK  [0m] Listening on D-Bus System Message Bus Socket.
[[0;32m  OK  [0m] Listening on Open-iSCSI iscsid Socket.
[[0;32m  OK  [0m] Listening on UUID daemon activation socket.
         Starting LXD - unix socket.
[[0;32m  OK  [0m] Started Availability of block devices.
[[0;32m  OK  [0m] Listening on Socket activation for snappy daemon.
[[0;32m  OK  [0m] Listening on LXD - unix socket.
[[0;32m  OK  [0m] Reached target Sockets.
[[0;32m  OK  [0m] Reached target Basic System.
[[0;32m  OK  [0m] Started D-Bus System Message Bus.
cloud-init[660]: |   .    .+= .    |
[   53.035805] cloud-init[660]: +----[SHA256]-----+
[   53.168517] cloud-init[660]: Generating public/private dsa key pair.[[0;32m  OK  [0m] Started FUSE filesystem for LXC.
         Starting Virtualbox guest utils...
[[0;32m  OK  [0m] Started Deferred execution scheduler.
         Starting Accounts Service...
         Starting LSB: automatic crash report generation...
         Starting Permit User Sessions...
         Starting Dispatcher daemon for systemd-networkd...
         Starting System Logging Service...
         Starting Snappy daemon...
[[0;32m  OK  [0m] Started irqbalance daemon.
         Starting Login Service...
         Starting LSB: Record successful boot for GRUB...

[[0;32m  OK  [0m] Started Regular background program processing daemon.
         Starting Pollinate to seed the pseudo random number generator...
         [   53.725097] cloud-init[660]: Your identification has been saved in /etc/ssh/ssh_host_dsa_key.
Starting LXD - container startup/shutdown...
[   53.727657] [[0;32m  OK  [0m] Started Permit User Sessions.
         Starting Hold until boot process finishes up...
         Starting Terminate Plymouth Boot Screen...
cloud-init[660]: Your public key has been saved in /etc/ssh/ssh_host_dsa_key.pub.
[   53.981275] cloud-init[660]: The key fingerprint is:
[[   54.022688] [0;32m  OK  [0m] Started System Logging Service.
[[0;32m  OK  [0m] Started Terminate Plymouth Boot Screen.
cloud-init[660]: SHA256:YBFdMfLj0ASBfUt9UC7819UKGKBRuh3tgfOAudDVlhs root@ubuntu-bionic
[   54.124628] cloud-init[660]: The key's randomart image is:
[   54.195342] cloud-init[660]: +---[DSA 1024]----+
[   54.223066] cloud-init[660]: |      +*B**+.o.  |
[[0;32m  OK  [0m] Started Hold until boot process finishes up.
[[0;32m  OK  [0m] Started LSB: automatic crash report generation.
[[0;32m  OK  [0m] Started Serial Getty on ttyS0.
[   54.303405] cloud-init[660]: |     ..OoBE=... .|
[   54.464971] cloud-init[660]: |    . O *+B++.. o|
         Starting Set console scheme...[   54.537283] cloud-init[660]: |     o = Ooo + .o|
[   54.537516] cloud-init[660]: |      o S +   o o|
[   54.537608] cloud-init[660]: |               . |

[   54.538483] cloud-init[660]: |                 |
[   54.630615] cloud-init[660]: |                 |
[   54.655169] cloud-init[660]: |                 |
[   54.686450] cloud-init[660]: +----[SHA256]-----+
[   54.709158] cloud-init[660]: Generating public/private ecdsa key pair.
[   54.733355] cloud-init[660]: Your identification has been saved in /etc/ssh/ssh_host_ecdsa_key.
[   54.766017] cloud-init[660]: Your public key has been saved in /etc/ssh/ssh_host_ecdsa_key.pub.
         Starting Authorization Manager...
[   54.960943] cloud-init[660]: The key fingerprint is:
[   54.991433] cloud-init[660]: SHA256:kmHN8vDJQoRKQGE9fDJJhyxYmAqbkUYGoe6u8qfdsXs root@ubuntu-bionic
[   55.051116] cloud-init[660]: The key's randomart image is:
[[0;32m  OK  [0m] Started Set console scheme.
[   55.132751] [[0;32m  OK  [0m] Started LSB: Record successful boot for GRUB.
[cloud-init[0;32m  OK  [0m] Created slice system-getty.slice.
[[0;32m  OK  [0m] Started Getty on tty1.
[[0;32m  OK  [0m] Reached target Login Prompts.
[660]: +---[ECDSA 256]---+
[   55.265342] cloud-init[660]: |O&B.oo.          |
[   55.292957] cloud-init[660]: |@o.Xoo o         |[[0;32m  OK  [0m] Started Login Service.

[[0;32m  OK  [0m] Started Unattended Upgrades Shutdown.
[   55.395106] cloud-init[660]: |==..= * o        |
[   55.444496] cloud-init[660]: |= .  o O .       |
[   55.518090] cloud-init[660]: | .    + S        |
[   55.582125] cloud-init[660]: |.      o         |
[   55.794442] cloud-init[660]: | .    .          |
[[0;32m  OK  [0m] Started Authorization Manager.
[   55.922902] [[0;32m  OK  [0m] Started Accounts Service.
cloud-init[660]: |o  ... oE        |
[   56.036042] cloud-init[660]: |+ooo. +o         |
[   56.075658] cloud-init[660]: +----[SHA256]-----+
[   56.145106] cloud-init[660]: Generating public/private ed25519 key pair.
[   56.253745] cloud-init[660]: Your identification has been saved in /etc/ssh/ssh_host_ed25519_key.
[   56.377655] cloud-init[660]: Your public key has been saved in /etc/ssh/ssh_host_ed25519_key.pub.
[   56.434176] cloud-init[660]: The key fingerprint is:
[[0;32m  OK  [0m] Started Virtualbox guest utils.
[   56.480295] cloud-init[660]: SHA256:vVo7MoohsnzH6jlJw1hnTr5HZD0c3xy2qfGq2xfieoY root@ubuntu-bionic
[[0;32m  OK  [0m] Started LXD - container startup/shutdown.
[   56.570218] cloud-init[660]: The key's randomart image is:
[   56.661787] cloud-init[660]: +--[ED25519 256]--+
[   56.737211] cloud-init[660]: |                 |
[   56.803838] cloud-init[660]: |         .   o   |
[   56.843119] cloud-init[660]: |        o o + +  |
[   56.885846] cloud-init[660]: |   . + o = o =   |
[   56.950250] cloud-init[660]: |  + * o S o +    |
[   56.980810] cloud-init[660]: | . + o .   + o   |
[   57.000790] cloud-init[660]: |. o = o   = o .  |
[   57.018007] cloud-init[660]: |.o =.* .oEo* .   |
[   57.047685] cloud-init[660]: |..o+= o..*Bo.    |
[   57.068557] cloud-init[660]: +----[SHA256]-----+
[[0;32m  OK  [0m] Started Dispatcher daemon for systemd-networkd.
[[0;32m  OK  [0m] Started Snappy daemon.
         Starting Wait until snapd is fully seeded...
[[0;32m  OK  [0m] Started Pollinate to seed the pseudo random number generator.
         Starting OpenBSD Secure Shell server...
[[0;32m  OK  [0m] Started OpenBSD Secure Shell server.
[[0;32m  OK  [0m] Created slice User Slice of vagrant.
         Starting User Manager for UID 1000...
[[0;32m  OK  [0m] Started Session 1 of user vagrant.
[[0;32m  OK  [0m] Started User Manager for UID 1000.

Ubuntu 18.04.2 LTS ubuntu-bionic ttyS0

ubuntu-bionic login: [   63.210744] cloud-init[1102]: Cloud-init v. 19.1-1-gbaa47854-0ubuntu1~18.04.1 running 'modules:config' at Thu, 18 Jul 2019 11:05:56 +0000. Up 61.20 seconds.
ci-info: no authorized ssh keys fingerprints found for user ubuntu.
<14>Jul 18 11:06:01 ec2: 
<14>Jul 18 11:06:01 ec2: #############################################################
<14>Jul 18 11:06:01 ec2: -----BEGIN SSH HOST KEY FINGERPRINTS-----
<14>Jul 18 11:06:01 ec2: 1024 SHA256:YBFdMfLj0ASBfUt9UC7819UKGKBRuh3tgfOAudDVlhs root@ubuntu-bionic (DSA)
<14>Jul 18 11:06:01 ec2: 256 SHA256:kmHN8vDJQoRKQGE9fDJJhyxYmAqbkUYGoe6u8qfdsXs root@ubuntu-bionic (ECDSA)
<14>Jul 18 11:06:01 ec2: 256 SHA256:vVo7MoohsnzH6jlJw1hnTr5HZD0c3xy2qfGq2xfieoY root@ubuntu-bionic (ED25519)
<14>Jul 18 11:06:01 ec2: 2048 SHA256:+x5uJavdAQirUWDNoRRSsYDXPheoSa/2FkB0LdMOIVg root@ubuntu-bionic (RSA)
<14>Jul 18 11:06:01 ec2: -----END SSH HOST KEY FINGERPRINTS-----
<14>Jul 18 11:06:01 ec2: #############################################################
-----BEGIN SSH HOST KEY KEYS-----
ecdsa-sha2-nistp256 AAAAE2VjZHNhLXNoYTItbmlzdHAyNTYAAAAIbmlzdHAyNTYAAABBBLI+QWGnvaSmCIW+9AwJOD6az++UVqaQO7v8hc1gM2Nn7I1XvAA46HUKy/y6aTeLB/WeNP+KNgni07tzG2RcNIM= root@ubuntu-bionic
ssh-ed25519 AAAAC3NzaC1lZDI1NTE5AAAAID3YwoexSmg9pyMeyv6Gg1SwdzrelcO+JWhaREMj4UFu root@ubuntu-bionic
ssh-rsa AAAAB3NzaC1yc2EAAAADAQABAAABAQDzdURuzfbuh+b4oJEIiJbq4gLcsyejfq+e/13FNs1yNHOJUzmYulsfqfgauY6DvrsYtoMBNAVEZ7B2s9yVCDdafCFPGxCF1UVTovNZQdQtHST0yiwOXJcsgB25Ea0mXtaZEDGRfmwZJ3hPfFujZPZBuLjWi+p7Iijrdq7gF3ILN9R5GJtDxMWIT2uCJ1LXhgouCRiCAaaSE224B1WgzRkrxTv2tetxk2k/Vve9XdHprk9Ssa5fVgPVQqmLVtH7KArGbKmXOTZs0B9L17WB+h+Z+xyWqwI/G0E7LDJvxmVkZUt1cx2u7usuNnF2zRK0OWQl58FMUBfTfSCQvOtMqPsh root@ubuntu-bionic
-----END SSH HOST KEY KEYS-----
[   66.690768] cloud-init[1222]: Cloud-init v. 19.1-1-gbaa47854-0ubuntu1~18.04.1 running 'modules:final' at Thu, 18 Jul 2019 11:06:00 +0000. Up 65.64 seconds.
[   66.691078] cloud-init[1222]: ci-info: no authorized ssh keys fingerprints found for user ubuntu.
[   66.691207] cloud-init[1222]: Cloud-init v. 19.1-1-gbaa47854-0ubuntu1~18.04.1 finished at Thu, 18 Jul 2019 11:06:01 +0000. Datasource DataSourceNoCloud [seed=/dev/sdb][dsmode=net].  Up 66.23 seconds
